[2026-02-07T23:02:18.642+0000] {local_task_job_runner.py:120} INFO - ::group::Pre task execution logs
[2026-02-07T23:02:18.675+0000] {taskinstance.py:2076} INFO - Dependencies all met for dep_context=non-requeueable deps ti=<TaskInstance: ex6_pipeline.ex5_demo manual__2026-02-07T23:02:17.830776+00:00 [queued]>
[2026-02-07T23:02:18.682+0000] {taskinstance.py:2076} INFO - Dependencies all met for dep_context=requeueable deps ti=<TaskInstance: ex6_pipeline.ex5_demo manual__2026-02-07T23:02:17.830776+00:00 [queued]>
[2026-02-07T23:02:18.683+0000] {taskinstance.py:2306} INFO - Starting attempt 1 of 1
[2026-02-07T23:02:18.695+0000] {taskinstance.py:2330} INFO - Executing <Task(DockerOperator): ex5_demo> on 2026-02-07 23:02:17.830776+00:00
[2026-02-07T23:02:18.705+0000] {standard_task_runner.py:90} INFO - Running: ['***', 'tasks', 'run', 'ex6_pipeline', 'ex5_demo', 'manual__2026-02-07T23:02:17.830776+00:00', '--job-id', '5', '--raw', '--subdir', 'DAGS_FOLDER/ex6_pipeline.py', '--cfg-path', '/tmp/tmpm_c791pl']
[2026-02-07T23:02:18.709+0000] {logging_mixin.py:188} WARNING - /home/***/.local/lib/python3.12/site-packages/***/task/task_runner/standard_task_runner.py:62 DeprecationWarning: This process (pid=182) is multi-threaded, use of fork() may lead to deadlocks in the child.
[2026-02-07T23:02:18.709+0000] {standard_task_runner.py:91} INFO - Job 5: Subtask ex5_demo
[2026-02-07T23:02:18.709+0000] {standard_task_runner.py:64} INFO - Started process 183 to run task
[2026-02-07T23:02:18.765+0000] {task_command.py:426} INFO - Running <TaskInstance: ex6_pipeline.ex5_demo manual__2026-02-07T23:02:17.830776+00:00 [running]> on host aa5939c5b8dd
[2026-02-07T23:02:18.853+0000] {taskinstance.py:2648} INFO - Exporting env vars: AIRFLOW_CTX_DAG_OWNER='***' AIRFLOW_CTX_DAG_ID='ex6_pipeline' AIRFLOW_CTX_TASK_ID='ex5_demo' AIRFLOW_CTX_EXECUTION_DATE='2026-02-07T23:02:17.830776+00:00' AIRFLOW_CTX_TRY_NUMBER='1' AIRFLOW_CTX_DAG_RUN_ID='manual__2026-02-07T23:02:17.830776+00:00'
[2026-02-07T23:02:18.854+0000] {taskinstance.py:430} INFO - ::endgroup::
[2026-02-07T23:02:18.912+0000] {docker.py:496} INFO - ::group::Pulling docker image python:3.11-slim
[2026-02-07T23:02:20.173+0000] {docker.py:510} INFO - 3.11-slim: Pulling from library/python
[2026-02-07T23:02:20.730+0000] {docker.py:510} INFO - d85099f0969e: Pulling fs layer
[2026-02-07T23:02:20.731+0000] {docker.py:510} INFO - 64faa99400e1: Pulling fs layer
[2026-02-07T23:02:20.732+0000] {docker.py:510} INFO - 8cbc47ff628d: Pulling fs layer
[2026-02-07T23:02:18.393+0000] {docker.py:510} INFO - d85099f0969e: Already exists
[2026-02-07T23:02:18.693+0000] {docker.py:510} INFO - 8cbc47ff628d: Downloading
[2026-02-07T23:02:19.093+0000] {docker.py:510} INFO - 64faa99400e1: Download complete
[2026-02-07T23:02:19.096+0000] {docker.py:510} INFO - 64faa99400e1: Extracting
[2026-02-07T23:02:19.296+0000] {docker.py:510} INFO - 64faa99400e1: Pull complete
[2026-02-07T23:02:19.996+0000] {docker.py:510} INFO - 8cbc47ff628d: Download complete
[2026-02-07T23:02:19.998+0000] {docker.py:510} INFO - 8cbc47ff628d: Extracting
[2026-02-07T23:02:20.775+0000] {docker.py:510} INFO - d85099f0969e: Pull complete
[2026-02-07T23:02:20.776+0000] {docker.py:510} INFO - 8cbc47ff628d: Pull complete
[2026-02-07T23:02:20.777+0000] {docker.py:505} INFO - Digest: sha256:0b23cfb7425d065008b778022a17b1551c82f8b4866ee5a7a200084b7e2eafbf
[2026-02-07T23:02:20.777+0000] {docker.py:505} INFO - Status: Downloaded newer image for python:3.11-slim
[2026-02-07T23:02:20.779+0000] {docker.py:512} INFO - ::endgroup::
[2026-02-07T23:02:20.780+0000] {docker.py:367} INFO - Starting docker container from image python:3.11-slim
[2026-02-07T23:02:20.792+0000] {docker.py:375} WARNING - Using remote engine or docker-in-docker and mounting temporary volume from host is not supported. Falling back to `mount_tmp_dir=False` mode. You can set `mount_tmp_dir` parameter to False to disable mounting and remove the warning
[2026-02-07T23:02:21.227+0000] {docker.py:438} INFO - == Running tests ==
[2026-02-07T23:02:21.228+0000] {docker.py:438} INFO - ./demo.sh: line 8: uv: command not found
[2026-02-07T23:02:21.417+0000] {taskinstance.py:441} INFO - ::group::Post task execution logs
[2026-02-07T23:02:21.431+0000] {taskinstance.py:2905} ERROR - Task failed with exception
Traceback (most recent call last):
  File "/home/airflow/.local/lib/python3.12/site-packages/docker/api/client.py", line 275, in _raise_for_status
    response.raise_for_status()
  File "/home/airflow/.local/lib/python3.12/site-packages/requests/models.py", line 1024, in raise_for_status
    raise HTTPError(http_error_msg, response=self)
requests.exceptions.HTTPError: 400 Client Error: Bad Request for url: http://host.docker.internal:2375/v1.52/containers/create

The above exception was the direct cause of the following exception:

Traceback (most recent call last):
  File "/home/airflow/.local/lib/python3.12/site-packages/airflow/providers/docker/operators/docker.py", line 372, in _run_image
    return self._run_image_with_mounts([*self.mounts, tmp_mount], add_tmp_variable=True)
           ^^^^^^^^^^^^^^^^^^^^^^^^^^^^^^^^^^^^^^^^^^^^^^^^^^^^^^^^^^^^^^^^^^^^^^^^^^^^^
  File "/home/airflow/.local/lib/python3.12/site-packages/airflow/providers/docker/operators/docker.py", line 399, in _run_image_with_mounts
    self.container = self.cli.create_container(
                     ^^^^^^^^^^^^^^^^^^^^^^^^^^
  File "/home/airflow/.local/lib/python3.12/site-packages/docker/api/container.py", line 440, in create_container
    return self.create_container_from_config(config, name, platform)
           ^^^^^^^^^^^^^^^^^^^^^^^^^^^^^^^^^^^^^^^^^^^^^^^^^^^^^^^^^
  File "/home/airflow/.local/lib/python3.12/site-packages/docker/api/container.py", line 457, in create_container_from_config
    return self._result(res, True)
           ^^^^^^^^^^^^^^^^^^^^^^^
  File "/home/airflow/.local/lib/python3.12/site-packages/docker/api/client.py", line 281, in _result
    self._raise_for_status(response)
  File "/home/airflow/.local/lib/python3.12/site-packages/docker/api/client.py", line 277, in _raise_for_status
    raise create_api_error_from_http_exception(e) from e
          ^^^^^^^^^^^^^^^^^^^^^^^^^^^^^^^^^^^^^^^
  File "/home/airflow/.local/lib/python3.12/site-packages/docker/errors.py", line 39, in create_api_error_from_http_exception
    raise cls(e, response=response, explanation=explanation) from e
docker.errors.APIError: 400 Client Error for http://host.docker.internal:2375/v1.52/containers/create: Bad Request ("invalid mount config for type "bind": bind source path does not exist: /tmp/airflowtmp2xlv5ahi")

During handling of the above exception, another exception occurred:

Traceback (most recent call last):
  File "/home/airflow/.local/lib/python3.12/site-packages/airflow/models/taskinstance.py", line 465, in _execute_task
    result = _execute_callable(context=context, **execute_callable_kwargs)
             ^^^^^^^^^^^^^^^^^^^^^^^^^^^^^^^^^^^^^^^^^^^^^^^^^^^^^^^^^^^^^
  File "/home/airflow/.local/lib/python3.12/site-packages/airflow/models/taskinstance.py", line 432, in _execute_callable
    return execute_callable(context=context, **execute_callable_kwargs)
           ^^^^^^^^^^^^^^^^^^^^^^^^^^^^^^^^^^^^^^^^^^^^^^^^^^^^^^^^^^^^
  File "/home/airflow/.local/lib/python3.12/site-packages/airflow/models/baseoperator.py", line 401, in wrapper
    return func(self, *args, **kwargs)
           ^^^^^^^^^^^^^^^^^^^^^^^^^^^
  File "/home/airflow/.local/lib/python3.12/site-packages/airflow/providers/docker/operators/docker.py", line 513, in execute
    return self._run_image()
           ^^^^^^^^^^^^^^^^^
  File "/home/airflow/.local/lib/python3.12/site-packages/airflow/providers/docker/operators/docker.py", line 381, in _run_image
    return self._run_image_with_mounts(self.mounts, add_tmp_variable=False)
           ^^^^^^^^^^^^^^^^^^^^^^^^^^^^^^^^^^^^^^^^^^^^^^^^^^^^^^^^^^^^^^^^
  File "/home/airflow/.local/lib/python3.12/site-packages/airflow/providers/docker/operators/docker.py", line 446, in _run_image_with_mounts
    raise DockerContainerFailedException(f"Docker container failed: {result!r}", logs=log_lines)
airflow.providers.docker.exceptions.DockerContainerFailedException: Docker container failed: {'StatusCode': 127}
[2026-02-07T23:02:21.439+0000] {taskinstance.py:1206} INFO - Marking task as FAILED. dag_id=ex6_pipeline, task_id=ex5_demo, run_id=manual__2026-02-07T23:02:17.830776+00:00, execution_date=20260207T230217, start_date=20260207T230218, end_date=20260207T230221
[2026-02-07T23:02:21.460+0000] {standard_task_runner.py:110} ERROR - Failed to execute job 5 for task ex5_demo (Docker container failed: {'StatusCode': 127}; 183)
[2026-02-07T23:02:23.607+0000] {local_task_job_runner.py:243} INFO - Task exited with return code 1
[2026-02-07T23:02:23.622+0000] {taskinstance.py:3503} INFO - 0 downstream tasks scheduled from follow-on schedule check
[2026-02-07T23:02:23.624+0000] {local_task_job_runner.py:222} INFO - ::endgroup::
